Analysis & Synthesis report for pfl_top
Sat Apr 24 21:42:23 2021
Quartus II 64-Bit Version 13.0.1 Build 232 06/12/2013 Service Pack 1 SJ Full Version


---------------------
; Table of Contents ;
---------------------
  1. Legal Notice
  2. Analysis & Synthesis Summary
  3. Analysis & Synthesis Settings
  4. Parallel Compilation
  5. Analysis & Synthesis Source Files Read
  6. Analysis & Synthesis Resource Usage Summary
  7. Analysis & Synthesis Resource Utilization by Entity
  8. Analysis & Synthesis IP Cores Summary
  9. State Machine - |parallel_flash_loader|altparallel_flash_loader:altparallel_flash_loader_component|alt_pfl:\PFL_CFI:pfl_cfi_inst|alt_pfl_pgm:\PGM1:DEFAULT_PGM:pgm|alt_pfl_pgm_verify:\PGM_CRC_DISABLE:pgm_crc|current_state
 10. Registers Removed During Synthesis
 11. General Register Statistics
 12. Inverted Register Statistics
 13. Multiplexer Restructuring Statistics (Restructuring Performed)
 14. Parameter Settings for User Entity Instance: altparallel_flash_loader:altparallel_flash_loader_component
 15. Elapsed Time Per Partition
 16. Analysis & Synthesis Messages



----------------
; Legal Notice ;
----------------
Copyright (C) 1991-2013 Altera Corporation
Your use of Altera Corporation's design tools, logic functions 
and other software and tools, and its AMPP partner logic 
functions, and any output files from any of the foregoing 
(including device programming or simulation files), and any 
associated documentation or information are expressly subject 
to the terms and conditions of the Altera Program License 
Subscription Agreement, Altera MegaCore Function License 
Agreement, or other applicable license agreement, including, 
without limitation, that your use is for the sole purpose of 
programming logic devices manufactured by Altera and sold by 
Altera or its authorized distributors.  Please refer to the 
applicable agreement for further details.



+----------------------------------------------------------------------------------+
; Analysis & Synthesis Summary                                                     ;
+-------------------------------+--------------------------------------------------+
; Analysis & Synthesis Status   ; Successful - Sat Apr 24 21:42:23 2021            ;
; Quartus II 64-Bit Version     ; 13.0.1 Build 232 06/12/2013 SP 1 SJ Full Version ;
; Revision Name                 ; pfl_top                                          ;
; Top-level Entity Name         ; parallel_flash_loader                            ;
; Family                        ; Stratix III                                      ;
; Logic utilization             ; N/A                                              ;
;     Combinational ALUTs       ; 216                                              ;
;     Memory ALUTs              ; 0                                                ;
;     Dedicated logic registers ; 198                                              ;
; Total registers               ; 198                                              ;
; Total pins                    ; 47                                               ;
; Total virtual pins            ; 0                                                ;
; Total block memory bits       ; 0                                                ;
; DSP block 18-bit elements     ; 0                                                ;
; Total PLLs                    ; 0                                                ;
; Total DLLs                    ; 0                                                ;
+-------------------------------+--------------------------------------------------+


+------------------------------------------------------------------------------------------------------------------------------+
; Analysis & Synthesis Settings                                                                                                ;
+---------------------------------------------------------------------------------+-----------------------+--------------------+
; Option                                                                          ; Setting               ; Default Value      ;
+---------------------------------------------------------------------------------+-----------------------+--------------------+
; Device                                                                          ; EP3SL150F1152C2       ;                    ;
; Top-level entity name                                                           ; parallel_flash_loader ; pfl_top            ;
; Family name                                                                     ; Stratix III           ; Cyclone IV GX      ;
; Use smart compilation                                                           ; Off                   ; Off                ;
; Enable parallel Assembler and TimeQuest Timing Analyzer during compilation      ; On                    ; On                 ;
; Enable compact report table                                                     ; Off                   ; Off                ;
; Restructure Multiplexers                                                        ; Auto                  ; Auto               ;
; MLAB Add Timing Constraints For Mixed-Port Feed-Through Mode Setting Don't Care ; Off                   ; Off                ;
; Create Debugging Nodes for IP Cores                                             ; Off                   ; Off                ;
; Preserve fewer node names                                                       ; On                    ; On                 ;
; Disable OpenCore Plus hardware evaluation                                       ; Off                   ; Off                ;
; Verilog Version                                                                 ; Verilog_2001          ; Verilog_2001       ;
; VHDL Version                                                                    ; VHDL_1993             ; VHDL_1993          ;
; State Machine Processing                                                        ; Auto                  ; Auto               ;
; Safe State Machine                                                              ; Off                   ; Off                ;
; Extract Verilog State Machines                                                  ; On                    ; On                 ;
; Extract VHDL State Machines                                                     ; On                    ; On                 ;
; Ignore Verilog initial constructs                                               ; Off                   ; Off                ;
; Iteration limit for constant Verilog loops                                      ; 5000                  ; 5000               ;
; Iteration limit for non-constant Verilog loops                                  ; 250                   ; 250                ;
; Add Pass-Through Logic to Inferred RAMs                                         ; On                    ; On                 ;
; Infer RAMs from Raw Logic                                                       ; On                    ; On                 ;
; Parallel Synthesis                                                              ; On                    ; On                 ;
; DSP Block Balancing                                                             ; Auto                  ; Auto               ;
; NOT Gate Push-Back                                                              ; On                    ; On                 ;
; Power-Up Don't Care                                                             ; On                    ; On                 ;
; Remove Redundant Logic Cells                                                    ; Off                   ; Off                ;
; Remove Duplicate Registers                                                      ; On                    ; On                 ;
; Ignore CARRY Buffers                                                            ; Off                   ; Off                ;
; Ignore CASCADE Buffers                                                          ; Off                   ; Off                ;
; Ignore GLOBAL Buffers                                                           ; Off                   ; Off                ;
; Ignore ROW GLOBAL Buffers                                                       ; Off                   ; Off                ;
; Ignore LCELL Buffers                                                            ; Off                   ; Off                ;
; Ignore SOFT Buffers                                                             ; On                    ; On                 ;
; Limit AHDL Integers to 32 Bits                                                  ; Off                   ; Off                ;
; Optimization Technique                                                          ; Balanced              ; Balanced           ;
; Carry Chain Length                                                              ; 70                    ; 70                 ;
; Auto Carry Chains                                                               ; On                    ; On                 ;
; Auto Open-Drain Pins                                                            ; On                    ; On                 ;
; Perform WYSIWYG Primitive Resynthesis                                           ; Off                   ; Off                ;
; Auto ROM Replacement                                                            ; On                    ; On                 ;
; Auto RAM Replacement                                                            ; On                    ; On                 ;
; Auto DSP Block Replacement                                                      ; On                    ; On                 ;
; Auto Shift Register Replacement                                                 ; Auto                  ; Auto               ;
; Allow Shift Register Merging across Hierarchies                                 ; Auto                  ; Auto               ;
; Auto Clock Enable Replacement                                                   ; On                    ; On                 ;
; Strict RAM Replacement                                                          ; Off                   ; Off                ;
; Allow Synchronous Control Signals                                               ; On                    ; On                 ;
; Force Use of Synchronous Clear Signals                                          ; Off                   ; Off                ;
; Auto RAM Block Balancing                                                        ; On                    ; On                 ;
; Auto RAM to Logic Cell Conversion                                               ; Off                   ; Off                ;
; Auto Resource Sharing                                                           ; Off                   ; Off                ;
; Allow Any RAM Size For Recognition                                              ; Off                   ; Off                ;
; Allow Any ROM Size For Recognition                                              ; Off                   ; Off                ;
; Allow Any Shift Register Size For Recognition                                   ; Off                   ; Off                ;
; Use LogicLock Constraints during Resource Balancing                             ; On                    ; On                 ;
; Ignore translate_off and synthesis_off directives                               ; Off                   ; Off                ;
; Timing-Driven Synthesis                                                         ; On                    ; On                 ;
; Report Parameter Settings                                                       ; On                    ; On                 ;
; Report Source Assignments                                                       ; On                    ; On                 ;
; Report Connectivity Checks                                                      ; On                    ; On                 ;
; Ignore Maximum Fan-Out Assignments                                              ; Off                   ; Off                ;
; Synchronization Register Chain Length                                           ; 2                     ; 2                  ;
; PowerPlay Power Optimization                                                    ; Normal compilation    ; Normal compilation ;
; HDL message level                                                               ; Level2                ; Level2             ;
; Suppress Register Optimization Related Messages                                 ; Off                   ; Off                ;
; Number of Removed Registers Reported in Synthesis Report                        ; 5000                  ; 5000               ;
; Number of Swept Nodes Reported in Synthesis Report                              ; 5000                  ; 5000               ;
; Number of Inverted Registers Reported in Synthesis Report                       ; 100                   ; 100                ;
; Clock MUX Protection                                                            ; On                    ; On                 ;
; Auto Gated Clock Conversion                                                     ; Off                   ; Off                ;
; Block Design Naming                                                             ; Auto                  ; Auto               ;
; SDC constraint protection                                                       ; Off                   ; Off                ;
; Synthesis Effort                                                                ; Auto                  ; Auto               ;
; Shift Register Replacement - Allow Asynchronous Clear Signal                    ; On                    ; On                 ;
; Pre-Mapping Resynthesis Optimization                                            ; Off                   ; Off                ;
; Analysis & Synthesis Message Level                                              ; Medium                ; Medium             ;
; Disable Register Merging Across Hierarchies                                     ; Auto                  ; Auto               ;
; Resource Aware Inference For Block RAM                                          ; On                    ; On                 ;
; Synthesis Seed                                                                  ; 1                     ; 1                  ;
+---------------------------------------------------------------------------------+-----------------------+--------------------+


+------------------------------------------+
; Parallel Compilation                     ;
+----------------------------+-------------+
; Processors                 ; Number      ;
+----------------------------+-------------+
; Number detected on machine ; 16          ;
; Maximum allowed            ; 16          ;
;                            ;             ;
; Average used               ; 1.00        ;
; Maximum used               ; 1           ;
;                            ;             ;
; Usage by Processor         ; % Time Used ;
;     Processor 1            ; 100.0%      ;
;     Processors 2-16        ;   0.0%      ;
+----------------------------+-------------+


+------------------------------------------------------------------------------------------------------------------------------------------------------------------------------------------------------------------+
; Analysis & Synthesis Source Files Read                                                                                                                                                                           ;
+----------------------------------+-----------------+------------------------------+--------------------------------------------------------------------------------------------------------------------+---------+
; File Name with User-Entered Path ; Used in Netlist ; File Type                    ; File Name with Absolute Path                                                                                       ; Library ;
+----------------------------------+-----------------+------------------------------+--------------------------------------------------------------------------------------------------------------------+---------+
; parallel_flash_loader.v          ; yes             ; User Wizard-Generated File   ; /home/zhickman/GitRepos/stratixiii_pfl/parallel_flash_loader.v                                                     ;         ;
; altparallel_flash_loader.vhd     ; yes             ; Megafunction                 ; /home/zhickman/Programming/FPGA/Software/Altera/13.0s/quartus/libraries/megafunctions/altparallel_flash_loader.vhd ;         ;
; alt_pfl.vhd                      ; yes             ; Megafunction                 ; /home/zhickman/Programming/FPGA/Software/Altera/13.0s/quartus/libraries/megafunctions/alt_pfl.vhd                  ;         ;
; alt_pfl_pgm.vhd                  ; yes             ; Megafunction                 ; /home/zhickman/Programming/FPGA/Software/Altera/13.0s/quartus/libraries/megafunctions/alt_pfl_pgm.vhd              ;         ;
; lpm_shiftreg.tdf                 ; yes             ; Megafunction                 ; /home/zhickman/Programming/FPGA/Software/Altera/13.0s/quartus/libraries/megafunctions/lpm_shiftreg.tdf             ;         ;
; lpm_constant.inc                 ; yes             ; Megafunction                 ; /home/zhickman/Programming/FPGA/Software/Altera/13.0s/quartus/libraries/megafunctions/lpm_constant.inc             ;         ;
; dffeea.inc                       ; yes             ; Megafunction                 ; /home/zhickman/Programming/FPGA/Software/Altera/13.0s/quartus/libraries/megafunctions/dffeea.inc                   ;         ;
; aglobal130.inc                   ; yes             ; Megafunction                 ; /home/zhickman/Programming/FPGA/Software/Altera/13.0s/quartus/libraries/megafunctions/aglobal130.inc               ;         ;
; sld_virtual_jtag_basic.v         ; yes             ; Megafunction                 ; /home/zhickman/Programming/FPGA/Software/Altera/13.0s/quartus/libraries/megafunctions/sld_virtual_jtag_basic.v     ;         ;
; alt_pfl_pgm_verify.v             ; yes             ; Megafunction                 ; /home/zhickman/Programming/FPGA/Software/Altera/13.0s/quartus/libraries/megafunctions/alt_pfl_pgm_verify.v         ;         ;
; lpm_counter.tdf                  ; yes             ; Megafunction                 ; /home/zhickman/Programming/FPGA/Software/Altera/13.0s/quartus/libraries/megafunctions/lpm_counter.tdf              ;         ;
; lpm_decode.inc                   ; yes             ; Megafunction                 ; /home/zhickman/Programming/FPGA/Software/Altera/13.0s/quartus/libraries/megafunctions/lpm_decode.inc               ;         ;
; lpm_add_sub.inc                  ; yes             ; Megafunction                 ; /home/zhickman/Programming/FPGA/Software/Altera/13.0s/quartus/libraries/megafunctions/lpm_add_sub.inc              ;         ;
; cmpconst.inc                     ; yes             ; Megafunction                 ; /home/zhickman/Programming/FPGA/Software/Altera/13.0s/quartus/libraries/megafunctions/cmpconst.inc                 ;         ;
; lpm_compare.inc                  ; yes             ; Megafunction                 ; /home/zhickman/Programming/FPGA/Software/Altera/13.0s/quartus/libraries/megafunctions/lpm_compare.inc              ;         ;
; lpm_counter.inc                  ; yes             ; Megafunction                 ; /home/zhickman/Programming/FPGA/Software/Altera/13.0s/quartus/libraries/megafunctions/lpm_counter.inc              ;         ;
; alt_counter_stratix.inc          ; yes             ; Megafunction                 ; /home/zhickman/Programming/FPGA/Software/Altera/13.0s/quartus/libraries/megafunctions/alt_counter_stratix.inc      ;         ;
; db/cntr_tti.tdf                  ; yes             ; Auto-Generated Megafunction  ; /home/zhickman/GitRepos/stratixiii_pfl/db/cntr_tti.tdf                                                             ;         ;
; alt_pfl_crc_calculate.v          ; yes             ; Megafunction                 ; /home/zhickman/Programming/FPGA/Software/Altera/13.0s/quartus/libraries/megafunctions/alt_pfl_crc_calculate.v      ;         ;
; sld_hub.vhd                      ; yes             ; Encrypted Megafunction       ; /home/zhickman/Programming/FPGA/Software/Altera/13.0s/quartus/libraries/megafunctions/sld_hub.vhd                  ;         ;
; sld_jtag_hub.vhd                 ; yes             ; Encrypted Megafunction       ; /home/zhickman/Programming/FPGA/Software/Altera/13.0s/quartus/libraries/megafunctions/sld_jtag_hub.vhd             ;         ;
; sld_rom_sr.vhd                   ; yes             ; Encrypted Megafunction       ; /home/zhickman/Programming/FPGA/Software/Altera/13.0s/quartus/libraries/megafunctions/sld_rom_sr.vhd               ;         ;
+----------------------------------+-----------------+------------------------------+--------------------------------------------------------------------------------------------------------------------+---------+


+--------------------------------------------------------------------------+
; Analysis & Synthesis Resource Usage Summary                              ;
+-----------------------------------------------+--------------------------+
; Resource                                      ; Usage                    ;
+-----------------------------------------------+--------------------------+
; Estimated ALUTs Used                          ; 216                      ;
;     -- Combinational ALUTs                    ; 216                      ;
;     -- Memory ALUTs                           ; 0                        ;
;     -- LUT_REGs                               ; 0                        ;
; Dedicated logic registers                     ; 198                      ;
;                                               ;                          ;
; Estimated ALUTs Unavailable                   ; 4                        ;
;     -- Due to unpartnered combinational logic ; 4                        ;
;     -- Due to Memory ALUTs                    ; 0                        ;
;                                               ;                          ;
; Total combinational functions                 ; 216                      ;
; Combinational ALUT usage by number of inputs  ;                          ;
;     -- 7 input functions                      ; 1                        ;
;     -- 6 input functions                      ; 18                       ;
;     -- 5 input functions                      ; 76                       ;
;     -- 4 input functions                      ; 22                       ;
;     -- <=3 input functions                    ; 99                       ;
;                                               ;                          ;
; Combinational ALUTs by mode                   ;                          ;
;     -- normal mode                            ; 168                      ;
;     -- extended LUT mode                      ; 1                        ;
;     -- arithmetic mode                        ; 47                       ;
;     -- shared arithmetic mode                 ; 0                        ;
;                                               ;                          ;
; Estimated ALUT/register pairs used            ; 262                      ;
;                                               ;                          ;
; Total registers                               ; 198                      ;
;     -- Dedicated logic registers              ; 198                      ;
;     -- I/O registers                          ; 0                        ;
;     -- LUT_REGs                               ; 0                        ;
;                                               ;                          ;
;                                               ;                          ;
; I/O pins                                      ; 47                       ;
; DSP block 18-bit elements                     ; 0                        ;
; Maximum fan-out node                          ; altera_internal_jtag~TDO ;
; Maximum fan-out                               ; 221                      ;
; Total fan-out                                 ; 1710                     ;
; Average fan-out                               ; 3.20                     ;
+-----------------------------------------------+--------------------------+


+-----------------------------------------------------------------------------------------------------------------------------------------------------------------------------------------------------------------------------------------------------------------------------------------------------------------------------------------------------------------------------------------------------------------------------------------------------------------------------+
; Analysis & Synthesis Resource Utilization by Entity                                                                                                                                                                                                                                                                                                                                                                                                                         ;
+------------------------------------------------------------------+-------------------+--------------+-------------------+--------------+---------+-----------+-----------+-----------+------+--------------+-------------------------------------------------------------------------------------------------------------------------------------------------------------------------------------------------------------------------------------------------+--------------+
; Compilation Hierarchy Node                                       ; LC Combinationals ; LC Registers ; Block Memory Bits ; DSP Elements ; DSP 9x9 ; DSP 12x12 ; DSP 18x18 ; DSP 36x36 ; Pins ; Virtual Pins ; Full Hierarchy Name                                                                                                                                                                                                                             ; Library Name ;
+------------------------------------------------------------------+-------------------+--------------+-------------------+--------------+---------+-----------+-----------+-----------+------+--------------+-------------------------------------------------------------------------------------------------------------------------------------------------------------------------------------------------------------------------------------------------+--------------+
; |parallel_flash_loader                                           ; 216 (1)           ; 198 (0)      ; 0                 ; 0            ; 0       ; 0         ; 0         ; 0         ; 47   ; 0            ; |parallel_flash_loader                                                                                                                                                                                                                          ; work         ;
;    |altparallel_flash_loader:altparallel_flash_loader_component| ; 120 (0)           ; 118 (0)      ; 0                 ; 0            ; 0       ; 0         ; 0         ; 0         ; 0    ; 0            ; |parallel_flash_loader|altparallel_flash_loader:altparallel_flash_loader_component                                                                                                                                                              ; work         ;
;       |alt_pfl:\PFL_CFI:pfl_cfi_inst|                            ; 120 (5)           ; 118 (0)      ; 0                 ; 0            ; 0       ; 0         ; 0         ; 0         ; 0    ; 0            ; |parallel_flash_loader|altparallel_flash_loader:altparallel_flash_loader_component|alt_pfl:\PFL_CFI:pfl_cfi_inst                                                                                                                                ; work         ;
;          |alt_pfl_pgm:\PGM1:DEFAULT_PGM:pgm|                     ; 115 (12)          ; 118 (1)      ; 0                 ; 0            ; 0       ; 0         ; 0         ; 0         ; 0    ; 0            ; |parallel_flash_loader|altparallel_flash_loader:altparallel_flash_loader_component|alt_pfl:\PFL_CFI:pfl_cfi_inst|alt_pfl_pgm:\PGM1:DEFAULT_PGM:pgm                                                                                              ; work         ;
;             |alt_pfl_pgm_verify:\PGM_CRC_DISABLE:pgm_crc|        ; 41 (11)           ; 43 (14)      ; 0                 ; 0            ; 0       ; 0         ; 0         ; 0         ; 0    ; 0            ; |parallel_flash_loader|altparallel_flash_loader:altparallel_flash_loader_component|alt_pfl:\PFL_CFI:pfl_cfi_inst|alt_pfl_pgm:\PGM1:DEFAULT_PGM:pgm|alt_pfl_pgm_verify:\PGM_CRC_DISABLE:pgm_crc                                                  ; work         ;
;                |alt_pfl_crc_calculate:calculate_crc|             ; 17 (17)           ; 16 (16)      ; 0                 ; 0            ; 0       ; 0         ; 0         ; 0         ; 0    ; 0            ; |parallel_flash_loader|altparallel_flash_loader:altparallel_flash_loader_component|alt_pfl:\PFL_CFI:pfl_cfi_inst|alt_pfl_pgm:\PGM1:DEFAULT_PGM:pgm|alt_pfl_pgm_verify:\PGM_CRC_DISABLE:pgm_crc|alt_pfl_crc_calculate:calculate_crc              ; work         ;
;                |lpm_counter:addr_counter|                        ; 13 (0)            ; 12 (0)       ; 0                 ; 0            ; 0       ; 0         ; 0         ; 0         ; 0    ; 0            ; |parallel_flash_loader|altparallel_flash_loader:altparallel_flash_loader_component|alt_pfl:\PFL_CFI:pfl_cfi_inst|alt_pfl_pgm:\PGM1:DEFAULT_PGM:pgm|alt_pfl_pgm_verify:\PGM_CRC_DISABLE:pgm_crc|lpm_counter:addr_counter                         ; work         ;
;                   |cntr_tti:auto_generated|                      ; 13 (13)           ; 12 (12)      ; 0                 ; 0            ; 0       ; 0         ; 0         ; 0         ; 0    ; 0            ; |parallel_flash_loader|altparallel_flash_loader:altparallel_flash_loader_component|alt_pfl:\PFL_CFI:pfl_cfi_inst|alt_pfl_pgm:\PGM1:DEFAULT_PGM:pgm|alt_pfl_pgm_verify:\PGM_CRC_DISABLE:pgm_crc|lpm_counter:addr_counter|cntr_tti:auto_generated ; work         ;
;                |lpm_shiftreg:bypass_reg|                         ; 0 (0)             ; 1 (1)        ; 0                 ; 0            ; 0       ; 0         ; 0         ; 0         ; 0    ; 0            ; |parallel_flash_loader|altparallel_flash_loader:altparallel_flash_loader_component|alt_pfl:\PFL_CFI:pfl_cfi_inst|alt_pfl_pgm:\PGM1:DEFAULT_PGM:pgm|alt_pfl_pgm_verify:\PGM_CRC_DISABLE:pgm_crc|lpm_shiftreg:bypass_reg                          ; work         ;
;             |custom_jtag_counter:jtag_addr|                      ; 28 (28)           ; 25 (25)      ; 0                 ; 0            ; 0       ; 0         ; 0         ; 0         ; 0    ; 0            ; |parallel_flash_loader|altparallel_flash_loader:altparallel_flash_loader_component|alt_pfl:\PFL_CFI:pfl_cfi_inst|alt_pfl_pgm:\PGM1:DEFAULT_PGM:pgm|custom_jtag_counter:jtag_addr                                                                ; work         ;
;             |lpm_shiftreg:info_shiftreg|                         ; 32 (32)           ; 32 (32)      ; 0                 ; 0            ; 0       ; 0         ; 0         ; 0         ; 0    ; 0            ; |parallel_flash_loader|altparallel_flash_loader:altparallel_flash_loader_component|alt_pfl:\PFL_CFI:pfl_cfi_inst|alt_pfl_pgm:\PGM1:DEFAULT_PGM:pgm|lpm_shiftreg:info_shiftreg                                                                   ; work         ;
;             |lpm_shiftreg:jtag_flash_datareg|                    ; 1 (1)             ; 17 (17)      ; 0                 ; 0            ; 0       ; 0         ; 0         ; 0         ; 0    ; 0            ; |parallel_flash_loader|altparallel_flash_loader:altparallel_flash_loader_component|alt_pfl:\PFL_CFI:pfl_cfi_inst|alt_pfl_pgm:\PGM1:DEFAULT_PGM:pgm|lpm_shiftreg:jtag_flash_datareg                                                              ; work         ;
;             |sld_virtual_jtag_basic:vjtag|                       ; 1 (1)             ; 0 (0)        ; 0                 ; 0            ; 0       ; 0         ; 0         ; 0         ; 0    ; 0            ; |parallel_flash_loader|altparallel_flash_loader:altparallel_flash_loader_component|alt_pfl:\PFL_CFI:pfl_cfi_inst|alt_pfl_pgm:\PGM1:DEFAULT_PGM:pgm|sld_virtual_jtag_basic:vjtag                                                                 ; work         ;
;    |sld_hub:auto_hub|                                            ; 95 (1)            ; 80 (0)       ; 0                 ; 0            ; 0       ; 0         ; 0         ; 0         ; 0    ; 0            ; |parallel_flash_loader|sld_hub:auto_hub                                                                                                                                                                                                         ; work         ;
;       |sld_jtag_hub:\jtag_hub_gen:sld_jtag_hub_inst|             ; 94 (60)           ; 80 (52)      ; 0                 ; 0            ; 0       ; 0         ; 0         ; 0         ; 0    ; 0            ; |parallel_flash_loader|sld_hub:auto_hub|sld_jtag_hub:\jtag_hub_gen:sld_jtag_hub_inst                                                                                                                                                            ; work         ;
;          |sld_rom_sr:hub_info_reg|                               ; 17 (17)           ; 9 (9)        ; 0                 ; 0            ; 0       ; 0         ; 0         ; 0         ; 0    ; 0            ; |parallel_flash_loader|sld_hub:auto_hub|sld_jtag_hub:\jtag_hub_gen:sld_jtag_hub_inst|sld_rom_sr:hub_info_reg                                                                                                                                    ; work         ;
;          |sld_shadow_jsm:shadow_jsm|                             ; 17 (17)           ; 19 (19)      ; 0                 ; 0            ; 0       ; 0         ; 0         ; 0         ; 0    ; 0            ; |parallel_flash_loader|sld_hub:auto_hub|sld_jtag_hub:\jtag_hub_gen:sld_jtag_hub_inst|sld_shadow_jsm:shadow_jsm                                                                                                                                  ; work         ;
+------------------------------------------------------------------+-------------------+--------------+-------------------+--------------+---------+-----------+-----------+-----------+------+--------------+-------------------------------------------------------------------------------------------------------------------------------------------------------------------------------------------------------------------------------------------------+--------------+
Note: For table entries with two numbers listed, the numbers in parentheses indicate the number of resources of the given type used by the specific entity alone. The numbers listed outside of parentheses indicate the total resources of the given type used by the specific entity and all of its sub-entities in the hierarchy.


+------------------------------------------------------------------------------------------------------------------------------------------------------------------+
; Analysis & Synthesis IP Cores Summary                                                                                                                            ;
+--------+-----------------------+---------+--------------+--------------+------------------------+----------------------------------------------------------------+
; Vendor ; IP Core Name          ; Version ; Release Date ; License Type ; Entity Instance        ; IP Include File                                                ;
+--------+-----------------------+---------+--------------+--------------+------------------------+----------------------------------------------------------------+
; Altera ; Parallel Flash Loader ; 13.0    ; N/A          ; N/A          ; |parallel_flash_loader ; /home/zhickman/GitRepos/stratixiii_pfl/parallel_flash_loader.v ;
+--------+-----------------------+---------+--------------+--------------+------------------------+----------------------------------------------------------------+


Encoding Type:  One-Hot
+------------------------------------------------------------------------------------------------------------------------------------------------------------------------------------------------------------------------------+
; State Machine - |parallel_flash_loader|altparallel_flash_loader:altparallel_flash_loader_component|alt_pfl:\PFL_CFI:pfl_cfi_inst|alt_pfl_pgm:\PGM1:DEFAULT_PGM:pgm|alt_pfl_pgm_verify:\PGM_CRC_DISABLE:pgm_crc|current_state ;
+-------------------------------+-------------------------------+-------------------------+------------------------+------------------------+----------------------------------------------------------------------------------+
; Name                          ; current_state.CRC_EXTRA_DUMMY ; current_state.CRC_DUMMY ; current_state.CRC_SAME ; current_state.CRC_INIT ; current_state.CRC_ADDR                                                           ;
+-------------------------------+-------------------------------+-------------------------+------------------------+------------------------+----------------------------------------------------------------------------------+
; current_state.CRC_INIT        ; 0                             ; 0                       ; 0                      ; 0                      ; 0                                                                                ;
; current_state.CRC_SAME        ; 0                             ; 0                       ; 1                      ; 1                      ; 0                                                                                ;
; current_state.CRC_DUMMY       ; 0                             ; 1                       ; 0                      ; 1                      ; 0                                                                                ;
; current_state.CRC_EXTRA_DUMMY ; 1                             ; 0                       ; 0                      ; 1                      ; 0                                                                                ;
; current_state.CRC_ADDR        ; 0                             ; 0                       ; 0                      ; 1                      ; 1                                                                                ;
+-------------------------------+-------------------------------+-------------------------+------------------------+------------------------+----------------------------------------------------------------------------------+


+-----------------------------------------------------------------------------------------------------------------------------------------------------------------------------------------------------------------------------------------+
; Registers Removed During Synthesis                                                                                                                                                                                                      ;
+------------------------------------------------------------------------------------------------------------------------------------------------------------------------------------------------+----------------------------------------+
; Register name                                                                                                                                                                                  ; Reason for Removal                     ;
+------------------------------------------------------------------------------------------------------------------------------------------------------------------------------------------------+----------------------------------------+
; altparallel_flash_loader:altparallel_flash_loader_component|alt_pfl:\PFL_CFI:pfl_cfi_inst|alt_pfl_pgm:\PGM1:DEFAULT_PGM:pgm|alt_pfl_pgm_verify:\PGM_CRC_DISABLE:pgm_crc|current_state~3        ; Lost fanout                            ;
; altparallel_flash_loader:altparallel_flash_loader_component|alt_pfl:\PFL_CFI:pfl_cfi_inst|alt_pfl_pgm:\PGM1:DEFAULT_PGM:pgm|alt_pfl_pgm_verify:\PGM_CRC_DISABLE:pgm_crc|current_state~4        ; Lost fanout                            ;
; altparallel_flash_loader:altparallel_flash_loader_component|alt_pfl:\PFL_CFI:pfl_cfi_inst|alt_pfl_pgm:\PGM1:DEFAULT_PGM:pgm|alt_pfl_pgm_verify:\PGM_CRC_DISABLE:pgm_crc|current_state.CRC_SAME ; Stuck at GND due to stuck port data_in ;
; Total Number of Removed Registers = 3                                                                                                                                                          ;                                        ;
+------------------------------------------------------------------------------------------------------------------------------------------------------------------------------------------------+----------------------------------------+


+------------------------------------------------------+
; General Register Statistics                          ;
+----------------------------------------------+-------+
; Statistic                                    ; Value ;
+----------------------------------------------+-------+
; Total registers                              ; 198   ;
; Number of registers using Synchronous Clear  ; 40    ;
; Number of registers using Synchronous Load   ; 71    ;
; Number of registers using Asynchronous Clear ; 28    ;
; Number of registers using Asynchronous Load  ; 0     ;
; Number of registers using Clock Enable       ; 167   ;
; Number of registers using Preset             ; 0     ;
+----------------------------------------------+-------+


+----------------------------------------------------------------------------------------+
; Inverted Register Statistics                                                           ;
+------------------------------------------------------------------------------+---------+
; Inverted Register                                                            ; Fan out ;
+------------------------------------------------------------------------------+---------+
; sld_hub:auto_hub|sld_jtag_hub:\jtag_hub_gen:sld_jtag_hub_inst|tdo            ; 1       ;
; sld_hub:auto_hub|sld_jtag_hub:\jtag_hub_gen:sld_jtag_hub_inst|jtag_ir_reg[1] ; 3       ;
; sld_hub:auto_hub|sld_jtag_hub:\jtag_hub_gen:sld_jtag_hub_inst|jtag_ir_reg[2] ; 3       ;
; Total number of inverted registers = 3                                       ;         ;
+------------------------------------------------------------------------------+---------+


+--------------------------------------------------------------------------------------------------------------------------------------------------------------------------------------------------------------------------------------------------------------------------------------------------------------------------------------------------------+
; Multiplexer Restructuring Statistics (Restructuring Performed)                                                                                                                                                                                                                                                                                         ;
+--------------------+-----------+---------------+----------------------+------------------------+------------+------------------------------------------------------------------------------------------------------------------------------------------------------------------------------------------------------------------------------------------+
; Multiplexer Inputs ; Bus Width ; Baseline Area ; Area if Restructured ; Saving if Restructured ; Registered ; Example Multiplexer Output                                                                                                                                                                                                               ;
+--------------------+-----------+---------------+----------------------+------------------------+------------+------------------------------------------------------------------------------------------------------------------------------------------------------------------------------------------------------------------------------------------+
; 3:1                ; 25 bits   ; 50 ALUTs      ; 0 ALUTs              ; 50 ALUTs               ; Yes        ; |parallel_flash_loader|altparallel_flash_loader:altparallel_flash_loader_component|alt_pfl:\PFL_CFI:pfl_cfi_inst|alt_pfl_pgm:\PGM1:DEFAULT_PGM:pgm|custom_jtag_counter:jtag_addr|data_reg[14]                                            ;
; 4:1                ; 16 bits   ; 32 ALUTs      ; 0 ALUTs              ; 32 ALUTs               ; Yes        ; |parallel_flash_loader|altparallel_flash_loader:altparallel_flash_loader_component|alt_pfl:\PFL_CFI:pfl_cfi_inst|alt_pfl_pgm:\PGM1:DEFAULT_PGM:pgm|alt_pfl_pgm_verify:\PGM_CRC_DISABLE:pgm_crc|alt_pfl_crc_calculate:calculate_crc|r[11] ;
; 1:1                ; 41 bits   ; 0 ALUTs       ; 0 ALUTs              ; 0 ALUTs                ; No         ; |parallel_flash_loader|altparallel_flash_loader:altparallel_flash_loader_component|alt_pfl:\PFL_CFI:pfl_cfi_inst|flash_addr_out[8]                                                                                                       ;
; 3:1                ; 4 bits    ; 8 ALUTs       ; 8 ALUTs              ; 0 ALUTs                ; No         ; |parallel_flash_loader|altparallel_flash_loader:altparallel_flash_loader_component|alt_pfl:\PFL_CFI:pfl_cfi_inst|flash_select                                                                                                            ;
; 4:1                ; 3 bits    ; 6 ALUTs       ; 6 ALUTs              ; 0 ALUTs                ; No         ; |parallel_flash_loader|altparallel_flash_loader:altparallel_flash_loader_component|alt_pfl:\PFL_CFI:pfl_cfi_inst|alt_pfl_pgm:\PGM1:DEFAULT_PGM:pgm|alt_pfl_pgm_verify:\PGM_CRC_DISABLE:pgm_crc|current_state                             ;
+--------------------+-----------+---------------+----------------------+------------------------+------------+------------------------------------------------------------------------------------------------------------------------------------------------------------------------------------------------------------------------------------------+


+----------------------------------------------------------------------------------------------------------+
; Parameter Settings for User Entity Instance: altparallel_flash_loader:altparallel_flash_loader_component ;
+----------------------------+--------------------------+--------------------------------------------------+
; Parameter Name             ; Value                    ; Type                                             ;
+----------------------------+--------------------------+--------------------------------------------------+
; auto_restart               ; OFF                      ; String                                           ;
; lpm_type                   ; ALTPARALLEL_FLASH_LOADER ; String                                           ;
; flash_type                 ; CFI_FLASH                ; String                                           ;
; n_flash                    ; 1                        ; Signed Integer                                   ;
; flash_data_width           ; 16                       ; Signed Integer                                   ;
; addr_width                 ; 25                       ; Signed Integer                                   ;
; features_pgm               ; 1                        ; Signed Integer                                   ;
; features_cfg               ; 0                        ; Signed Integer                                   ;
; tristate_checkbox          ; 1                        ; Signed Integer                                   ;
; option_bits_start_address  ; 0                        ; Signed Integer                                   ;
; safe_mode_halt             ; 0                        ; Signed Integer                                   ;
; safe_mode_retry            ; 1                        ; Signed Integer                                   ;
; safe_mode_revert           ; 0                        ; Signed Integer                                   ;
; safe_mode_revert_addr      ; 0                        ; Signed Integer                                   ;
; conf_data_width            ; 1                        ; Signed Integer                                   ;
; dclk_divisor               ; 1                        ; Signed Integer                                   ;
; conf_wait_timer_width      ; 16                       ; Signed Integer                                   ;
; dclk_create_delay          ; 0                        ; Signed Integer                                   ;
; decompressor_mode          ; NONE                     ; String                                           ;
; pfl_rsu_watchdog_enabled   ; 0                        ; Signed Integer                                   ;
; rsu_watchdog_counter       ; 100000000                ; Signed Integer                                   ;
; enhanced_flash_programming ; 0                        ; Signed Integer                                   ;
; fifo_size                  ; 16                       ; Signed Integer                                   ;
; disable_crc_checkbox       ; 0                        ; Signed Integer                                   ;
; clk_divisor                ; 1                        ; Signed Integer                                   ;
; page_clk_divisor           ; 1                        ; Signed Integer                                   ;
; normal_mode                ; 1                        ; Signed Integer                                   ;
; burst_mode                 ; 0                        ; Signed Integer                                   ;
; page_mode                  ; 0                        ; Signed Integer                                   ;
; burst_mode_intel           ; 0                        ; Signed Integer                                   ;
; burst_mode_spansion        ; 0                        ; Signed Integer                                   ;
; burst_mode_numonyx         ; 0                        ; Signed Integer                                   ;
; flash_nreset_checkbox      ; 0                        ; Signed Integer                                   ;
; flash_nreset_counter       ; 1                        ; Signed Integer                                   ;
; flash_burst_extra_cycle    ; 0                        ; Signed Integer                                   ;
; BURST_MODE_LATENCY_COUNT   ; 4                        ; Signed Integer                                   ;
; qflash_mfc                 ; ALTERA                   ; String                                           ;
; extra_addr_byte            ; 0                        ; Signed Integer                                   ;
; qspi_data_delay            ; 0                        ; Signed Integer                                   ;
; qspi_data_delay_count      ; 1                        ; Signed Integer                                   ;
; qflash_fast_speed          ; 0                        ; Signed Integer                                   ;
; flash_static_wait_width    ; 15                       ; Signed Integer                                   ;
; nand_size                  ; 67108864                 ; Signed Integer                                   ;
; nrb_addr                   ; 65667072                 ; Signed Integer                                   ;
; flash_ecc_checkbox         ; 0                        ; Signed Integer                                   ;
; nflash_mfc                 ; NUMONYX                  ; String                                           ;
; us_unit_counter            ; 1                        ; Signed Integer                                   ;
+----------------------------+--------------------------+--------------------------------------------------+
Note: In order to hide this table in the UI and the text report file, please set the "Show Parameter Settings in Synthesis Report" option in "Analysis and Synthesis Settings -> More Settings" to "Off".


+-------------------------------+
; Elapsed Time Per Partition    ;
+----------------+--------------+
; Partition Name ; Elapsed Time ;
+----------------+--------------+
; Top            ; 00:00:01     ;
+----------------+--------------+


+-------------------------------+
; Analysis & Synthesis Messages ;
+-------------------------------+
Info: *******************************************************************
Info: Running Quartus II 64-Bit Analysis & Synthesis
    Info: Version 13.0.1 Build 232 06/12/2013 Service Pack 1 SJ Full Version
    Info: Processing started: Sat Apr 24 21:42:20 2021
Info: Command: quartus_map --read_settings_files=on --write_settings_files=off pfl_top -c pfl_top
Info (20030): Parallel compilation is enabled and will use 16 of the 16 processors detected
Info (12021): Found 1 design units, including 1 entities, in source file parallel_flash_loader.v
    Info (12023): Found entity 1: parallel_flash_loader
Info (12127): Elaborating entity "parallel_flash_loader" for the top level hierarchy
Info (12128): Elaborating entity "altparallel_flash_loader" for hierarchy "altparallel_flash_loader:altparallel_flash_loader_component"
Info (12130): Elaborated megafunction instantiation "altparallel_flash_loader:altparallel_flash_loader_component"
Info (12133): Instantiated megafunction "altparallel_flash_loader:altparallel_flash_loader_component" with the following parameter:
    Info (12134): Parameter "addr_width" = "25"
    Info (12134): Parameter "disable_crc_checkbox" = "0"
    Info (12134): Parameter "enhanced_flash_programming" = "0"
    Info (12134): Parameter "features_cfg" = "0"
    Info (12134): Parameter "features_pgm" = "1"
    Info (12134): Parameter "fifo_size" = "16"
    Info (12134): Parameter "flash_data_width" = "16"
    Info (12134): Parameter "flash_nreset_checkbox" = "0"
    Info (12134): Parameter "flash_type" = "CFI_FLASH"
    Info (12134): Parameter "n_flash" = "1"
    Info (12134): Parameter "tristate_checkbox" = "1"
Info (12128): Elaborating entity "alt_pfl" for hierarchy "altparallel_flash_loader:altparallel_flash_loader_component|alt_pfl:\PFL_CFI:pfl_cfi_inst"
Warning (10873): Using initial value X (don't care) for net "pfl_watchdog_error" at alt_pfl.vhd(65)
Info (12131): Elaborated megafunction instantiation "altparallel_flash_loader:altparallel_flash_loader_component|alt_pfl:\PFL_CFI:pfl_cfi_inst", which is child of megafunction instantiation "altparallel_flash_loader:altparallel_flash_loader_component"
Info (12128): Elaborating entity "alt_pfl_pgm" for hierarchy "altparallel_flash_loader:altparallel_flash_loader_component|alt_pfl:\PFL_CFI:pfl_cfi_inst|alt_pfl_pgm:\PGM1:DEFAULT_PGM:pgm"
Info (12131): Elaborated megafunction instantiation "altparallel_flash_loader:altparallel_flash_loader_component|alt_pfl:\PFL_CFI:pfl_cfi_inst|alt_pfl_pgm:\PGM1:DEFAULT_PGM:pgm", which is child of megafunction instantiation "altparallel_flash_loader:altparallel_flash_loader_component"
Info (12128): Elaborating entity "custom_jtag_counter" for hierarchy "altparallel_flash_loader:altparallel_flash_loader_component|alt_pfl:\PFL_CFI:pfl_cfi_inst|alt_pfl_pgm:\PGM1:DEFAULT_PGM:pgm|custom_jtag_counter:jtag_addr"
Info (12131): Elaborated megafunction instantiation "altparallel_flash_loader:altparallel_flash_loader_component|alt_pfl:\PFL_CFI:pfl_cfi_inst|alt_pfl_pgm:\PGM1:DEFAULT_PGM:pgm|custom_jtag_counter:jtag_addr", which is child of megafunction instantiation "altparallel_flash_loader:altparallel_flash_loader_component"
Info (12128): Elaborating entity "lpm_shiftreg" for hierarchy "altparallel_flash_loader:altparallel_flash_loader_component|alt_pfl:\PFL_CFI:pfl_cfi_inst|alt_pfl_pgm:\PGM1:DEFAULT_PGM:pgm|lpm_shiftreg:info_shiftreg"
Info (12131): Elaborated megafunction instantiation "altparallel_flash_loader:altparallel_flash_loader_component|alt_pfl:\PFL_CFI:pfl_cfi_inst|alt_pfl_pgm:\PGM1:DEFAULT_PGM:pgm|lpm_shiftreg:info_shiftreg", which is child of megafunction instantiation "altparallel_flash_loader:altparallel_flash_loader_component"
Info (12128): Elaborating entity "lpm_shiftreg" for hierarchy "altparallel_flash_loader:altparallel_flash_loader_component|alt_pfl:\PFL_CFI:pfl_cfi_inst|alt_pfl_pgm:\PGM1:DEFAULT_PGM:pgm|lpm_shiftreg:jtag_flash_datareg"
Info (12131): Elaborated megafunction instantiation "altparallel_flash_loader:altparallel_flash_loader_component|alt_pfl:\PFL_CFI:pfl_cfi_inst|alt_pfl_pgm:\PGM1:DEFAULT_PGM:pgm|lpm_shiftreg:jtag_flash_datareg", which is child of megafunction instantiation "altparallel_flash_loader:altparallel_flash_loader_component"
Info (12128): Elaborating entity "sld_virtual_jtag_basic" for hierarchy "altparallel_flash_loader:altparallel_flash_loader_component|alt_pfl:\PFL_CFI:pfl_cfi_inst|alt_pfl_pgm:\PGM1:DEFAULT_PGM:pgm|sld_virtual_jtag_basic:vjtag"
Info (12131): Elaborated megafunction instantiation "altparallel_flash_loader:altparallel_flash_loader_component|alt_pfl:\PFL_CFI:pfl_cfi_inst|alt_pfl_pgm:\PGM1:DEFAULT_PGM:pgm|sld_virtual_jtag_basic:vjtag", which is child of megafunction instantiation "altparallel_flash_loader:altparallel_flash_loader_component"
Info (12128): Elaborating entity "sld_virtual_jtag_impl" for hierarchy "altparallel_flash_loader:altparallel_flash_loader_component|alt_pfl:\PFL_CFI:pfl_cfi_inst|alt_pfl_pgm:\PGM1:DEFAULT_PGM:pgm|sld_virtual_jtag_basic:vjtag|sld_virtual_jtag_impl:sld_virtual_jtag_impl_inst"
Info (12131): Elaborated megafunction instantiation "altparallel_flash_loader:altparallel_flash_loader_component|alt_pfl:\PFL_CFI:pfl_cfi_inst|alt_pfl_pgm:\PGM1:DEFAULT_PGM:pgm|sld_virtual_jtag_basic:vjtag|sld_virtual_jtag_impl:sld_virtual_jtag_impl_inst", which is child of megafunction instantiation "altparallel_flash_loader:altparallel_flash_loader_component"
Info (12128): Elaborating entity "alt_pfl_pgm_verify" for hierarchy "altparallel_flash_loader:altparallel_flash_loader_component|alt_pfl:\PFL_CFI:pfl_cfi_inst|alt_pfl_pgm:\PGM1:DEFAULT_PGM:pgm|alt_pfl_pgm_verify:\PGM_CRC_DISABLE:pgm_crc"
Info (10264): Verilog HDL Case Statement information at alt_pfl_pgm_verify.v(148): all case item expressions in this case statement are onehot
Info (12131): Elaborated megafunction instantiation "altparallel_flash_loader:altparallel_flash_loader_component|alt_pfl:\PFL_CFI:pfl_cfi_inst|alt_pfl_pgm:\PGM1:DEFAULT_PGM:pgm|alt_pfl_pgm_verify:\PGM_CRC_DISABLE:pgm_crc", which is child of megafunction instantiation "altparallel_flash_loader:altparallel_flash_loader_component"
Info (12128): Elaborating entity "lpm_counter" for hierarchy "altparallel_flash_loader:altparallel_flash_loader_component|alt_pfl:\PFL_CFI:pfl_cfi_inst|alt_pfl_pgm:\PGM1:DEFAULT_PGM:pgm|alt_pfl_pgm_verify:\PGM_CRC_DISABLE:pgm_crc|lpm_counter:addr_counter"
Info (12131): Elaborated megafunction instantiation "altparallel_flash_loader:altparallel_flash_loader_component|alt_pfl:\PFL_CFI:pfl_cfi_inst|alt_pfl_pgm:\PGM1:DEFAULT_PGM:pgm|alt_pfl_pgm_verify:\PGM_CRC_DISABLE:pgm_crc|lpm_counter:addr_counter", which is child of megafunction instantiation "altparallel_flash_loader:altparallel_flash_loader_component"
Info (12021): Found 1 design units, including 1 entities, in source file db/cntr_tti.tdf
    Info (12023): Found entity 1: cntr_tti
Info (12128): Elaborating entity "cntr_tti" for hierarchy "altparallel_flash_loader:altparallel_flash_loader_component|alt_pfl:\PFL_CFI:pfl_cfi_inst|alt_pfl_pgm:\PGM1:DEFAULT_PGM:pgm|alt_pfl_pgm_verify:\PGM_CRC_DISABLE:pgm_crc|lpm_counter:addr_counter|cntr_tti:auto_generated"
Info (12128): Elaborating entity "alt_pfl_crc_calculate" for hierarchy "altparallel_flash_loader:altparallel_flash_loader_component|alt_pfl:\PFL_CFI:pfl_cfi_inst|alt_pfl_pgm:\PGM1:DEFAULT_PGM:pgm|alt_pfl_pgm_verify:\PGM_CRC_DISABLE:pgm_crc|alt_pfl_crc_calculate:calculate_crc"
Info (12131): Elaborated megafunction instantiation "altparallel_flash_loader:altparallel_flash_loader_component|alt_pfl:\PFL_CFI:pfl_cfi_inst|alt_pfl_pgm:\PGM1:DEFAULT_PGM:pgm|alt_pfl_pgm_verify:\PGM_CRC_DISABLE:pgm_crc|alt_pfl_crc_calculate:calculate_crc", which is child of megafunction instantiation "altparallel_flash_loader:altparallel_flash_loader_component"
Info (12128): Elaborating entity "lpm_shiftreg" for hierarchy "altparallel_flash_loader:altparallel_flash_loader_component|alt_pfl:\PFL_CFI:pfl_cfi_inst|alt_pfl_pgm:\PGM1:DEFAULT_PGM:pgm|alt_pfl_pgm_verify:\PGM_CRC_DISABLE:pgm_crc|lpm_shiftreg:bypass_reg"
Info (12131): Elaborated megafunction instantiation "altparallel_flash_loader:altparallel_flash_loader_component|alt_pfl:\PFL_CFI:pfl_cfi_inst|alt_pfl_pgm:\PGM1:DEFAULT_PGM:pgm|alt_pfl_pgm_verify:\PGM_CRC_DISABLE:pgm_crc|lpm_shiftreg:bypass_reg", which is child of megafunction instantiation "altparallel_flash_loader:altparallel_flash_loader_component"
Info (286031): Timing-Driven Synthesis is running on partition "Top"
Info (17049): 2 registers lost all their fanouts during netlist optimizations.
Info (16010): Generating hard_block partition "hard_block:auto_generated_inst"
    Info (16011): Adding 0 node(s), including 0 DDIO, 0 PLL, 0 transceiver and 0 LCELL
Warning (21074): Design contains 1 input pin(s) that do not drive logic
    Warning (15610): No output dependent on input pin "pfl_nreset"
Info (21057): Implemented 321 device resources after synthesis - the final resource count might be different
    Info (21058): Implemented 6 input pins
    Info (21059): Implemented 30 output pins
    Info (21060): Implemented 16 bidirectional pins
    Info (21061): Implemented 268 logic cells
Info: Quartus II 64-Bit Analysis & Synthesis was successful. 0 errors, 3 warnings
    Info: Peak virtual memory: 775 megabytes
    Info: Processing ended: Sat Apr 24 21:42:23 2021
    Info: Elapsed time: 00:00:03
    Info: Total CPU time (on all processors): 00:00:03


